0 info it worked if it ends with ok
1 verbose cli [ 'C:\\Program Files\\nodejs\\node.exe',
1 verbose cli   'C:\\Program Files\\nodejs\\node_modules\\npm\\bin\\npm-cli.js',
1 verbose cli   'run',
1 verbose cli   'dev',
1 verbose cli   '--scripts-prepend-node-path=auto' ]
2 info using npm@3.10.10
3 info using node@v6.11.2
4 verbose run-script [ 'predev', 'dev', 'postdev' ]
5 info lifecycle jusfoun-pc@1.0.0~predev: jusfoun-pc@1.0.0
6 silly lifecycle jusfoun-pc@1.0.0~predev: no script for predev, continuing
7 info lifecycle jusfoun-pc@1.0.0~dev: jusfoun-pc@1.0.0
8 verbose lifecycle jusfoun-pc@1.0.0~dev: unsafe-perm in lifecycle true
9 verbose lifecycle jusfoun-pc@1.0.0~dev: PATH: C:\Program Files\nodejs\node_modules\npm\bin\node-gyp-bin;D:\工作程序\公司官网\BigDataSmart-dev\node_modules\.bin;C:\Program Files (x86)\Intel\iCLS Client\;C:\Program Files\Intel\iCLS Client\;C:\WINDOWS\system32;C:\WINDOWS;C:\WINDOWS\System32\Wbem;C:\WINDOWS\System32\WindowsPowerShell\v1.0\;C:\Program Files (x86)\Intel\Intel(R) Management Engine Components\DAL;C:\Program Files\Intel\Intel(R) Management Engine Components\DAL;C:\Program Files (x86)\Intel\Intel(R) Management Engine Components\IPT;C:\Program Files\Intel\Intel(R) Management Engine Components\IPT;C:\Program Files\nodejs\;C:\WINDOWS\System32\OpenSSH\;C:\Program Files\Pandoc\;C:\Program Files (x86)\HP\IdrsOCR_15.2.10.1114\;C:\Users\Lenovo\AppData\Local\Microsoft\WindowsApps;C:\Users\Lenovo\AppData\Roaming\npm;
10 verbose lifecycle jusfoun-pc@1.0.0~dev: CWD: D:\工作程序\公司官网\BigDataSmart-dev
11 silly lifecycle jusfoun-pc@1.0.0~dev: Args: [ '/d /s /c', 'node build/dev-server.js' ]
12 silly lifecycle jusfoun-pc@1.0.0~dev: Returned: code: 1  signal: null
13 info lifecycle jusfoun-pc@1.0.0~dev: Failed to exec dev script
14 verbose stack Error: jusfoun-pc@1.0.0 dev: `node build/dev-server.js`
14 verbose stack Exit status 1
14 verbose stack     at EventEmitter.<anonymous> (C:\Program Files\nodejs\node_modules\npm\lib\utils\lifecycle.js:255:16)
14 verbose stack     at emitTwo (events.js:106:13)
14 verbose stack     at EventEmitter.emit (events.js:191:7)
14 verbose stack     at ChildProcess.<anonymous> (C:\Program Files\nodejs\node_modules\npm\lib\utils\spawn.js:40:14)
14 verbose stack     at emitTwo (events.js:106:13)
14 verbose stack     at ChildProcess.emit (events.js:191:7)
14 verbose stack     at maybeClose (internal/child_process.js:891:16)
14 verbose stack     at Process.ChildProcess._handle.onexit (internal/child_process.js:226:5)
15 verbose pkgid jusfoun-pc@1.0.0
16 verbose cwd D:\工作程序\公司官网\BigDataSmart-dev
17 error Windows_NT 10.0.17134
18 error argv "C:\\Program Files\\nodejs\\node.exe" "C:\\Program Files\\nodejs\\node_modules\\npm\\bin\\npm-cli.js" "run" "dev" "--scripts-prepend-node-path=auto"
19 error node v6.11.2
20 error npm  v3.10.10
21 error code ELIFECYCLE
22 error jusfoun-pc@1.0.0 dev: `node build/dev-server.js`
22 error Exit status 1
23 error Failed at the jusfoun-pc@1.0.0 dev script 'node build/dev-server.js'.
23 error Make sure you have the latest version of node.js and npm installed.
23 error If you do, this is most likely a problem with the jusfoun-pc package,
23 error not with npm itself.
23 error Tell the author that this fails on your system:
23 error     node build/dev-server.js
23 error You can get information on how to open an issue for this project with:
23 error     npm bugs jusfoun-pc
23 error Or if that isn't available, you can get their info via:
23 error     npm owner ls jusfoun-pc
23 error There is likely additional logging output above.
24 verbose exit [ 1, true ]
